<?xml version="1.0" encoding="UTF-8"?>
<!-- Generated by org.testng.reporters.JUnitXMLReporter -->
<testsuite ignored="0" hostname="LPT-ADRIDI" failures="2" tests="3" name="Surefire test" time="55.106" errors="0" timestamp="2024-09-02T22:57:17 CET">
  <testcase classname="io.cucumber.testng.AbstractTestNGCucumberTests" name="runScenario" time="17.904">
    <failure type="java.lang.AssertionError" message="Seems like you are not logged in expected [true] but found [false]">
      <![CDATA[java.lang.AssertionError: Seems like you are not logged in expected [true] but found [false]
at stepDefinitions.BackgroundSteps.user_is_navigated_to_cars_collection(BackgroundSteps.java:61)
at ✽.user is navigated to cars collection(file:///home/ala/eclipse-workspace/ADExoticsCarRentalTesting-Cucumber-Selenium/src/test/resources/features/login.feature:55)
... Removed 3 stack frames]]>
    </failure>
  </testcase> <!-- runScenario -->
  <testcase classname="io.cucumber.testng.AbstractTestNGCucumberTests" name="runScenario" time="16.698">
    <failure type="java.lang.AssertionError" message="Seems like you are not logged in expected [true] but found [false]">
      <![CDATA[java.lang.AssertionError: Seems like you are not logged in expected [true] but found [false]
at stepDefinitions.BackgroundSteps.user_is_navigated_to_cars_collection(BackgroundSteps.java:61)
at ✽.user is navigated to cars collection(file:///home/ala/eclipse-workspace/ADExoticsCarRentalTesting-Cucumber-Selenium/src/test/resources/features/login.feature:55)
... Removed 3 stack frames]]>
    </failure>
  </testcase> <!-- runScenario -->
  <testcase classname="io.cucumber.testng.AbstractTestNGCucumberTests" name="runScenario" time="19.364"/>
</testsuite> <!-- Surefire test -->
