<?xml version="1.0" encoding="UTF-8"?>
<testsuite name="Cucumber" time="54.251" tests="3" skipped="0" failures="2" errors="0">
<testcase classname="Login feature" name="Check login is successful with valid credentials - #1.1" time="17.811">
<failure type="java.lang.AssertionError" message="Seems like you are not logged in expected [true] but found [false]">
<![CDATA[java.lang.AssertionError: Seems like you are not logged in expected [true] but found [false]
	at org.testng.Assert.fail(Assert.java:111)
	at org.testng.Assert.failNotEquals(Assert.java:1578)
	at org.testng.Assert.assertTrue(Assert.java:57)
	at stepDefinitions.BackgroundSteps.user_is_navigated_to_cars_collection(BackgroundSteps.java:61)
	at ✽.user is navigated to cars collection(file:///home/ala/eclipse-workspace/ADExoticsCarRentalTesting-Cucumber-Selenium/src/test/resources/features/login.feature:55)
]]>
</failure>
<system-out><![CDATA[
Given user is on home page..................................................passed
Given user is on login page.................................................passed
When user enters his "admin@gmail.com" and "admin"..........................passed
And clicks on login.........................................................passed
Then user is navigated to cars collection...................................failed
]]></system-out>
</testcase>
<testcase classname="Login feature" name="Check login is successful with valid credentials - #1.2" time="16.677">
<failure type="java.lang.AssertionError" message="Seems like you are not logged in expected [true] but found [false]">
<![CDATA[java.lang.AssertionError: Seems like you are not logged in expected [true] but found [false]
	at org.testng.Assert.fail(Assert.java:111)
	at org.testng.Assert.failNotEquals(Assert.java:1578)
	at org.testng.Assert.assertTrue(Assert.java:57)
	at stepDefinitions.BackgroundSteps.user_is_navigated_to_cars_collection(BackgroundSteps.java:61)
	at ✽.user is navigated to cars collection(file:///home/ala/eclipse-workspace/ADExoticsCarRentalTesting-Cucumber-Selenium/src/test/resources/features/login.feature:55)
]]>
</failure>
<system-out><![CDATA[
Given user is on home page..................................................passed
Given user is on login page.................................................passed
When user enters his "ala@gmail.com" and "test1234".........................passed
And clicks on login.........................................................passed
Then user is navigated to cars collection...................................failed
]]></system-out>
</testcase>
<testcase classname="Signup feature" name="Signup with valid informations - #1.1" time="19.345">
<system-out><![CDATA[
Given user is on home page..................................................passed
Given user is on signup page................................................passed
When user enters his signup informations "Miela Dridi" and "miela.dridi@gmail.com" and "test@1234" and "test@1234".passed
And clicks on signup........................................................passed
Then user is navigated to login page........................................passed
]]></system-out>
</testcase>
</testsuite>
